<?xml version="1.0" encoding="UTF-8"?>
<testsuite name="fizz_buzz.FizzBuzzTest" tests="7" skipped="0" failures="0" errors="0" timestamp="2020-07-26T19:38:05" hostname="MacBook-Pro.local" time="0.058">
  <properties/>
  <testcase name="whenGiven2FizzBuzzSays2()" classname="fizz_buzz.FizzBuzzTest" time="0.052"/>
  <testcase name="whenGiven11FizzBuzzSaysBang()" classname="fizz_buzz.FizzBuzzTest" time="0.0"/>
  <testcase name="whenGiven1FizzBuzzSays1()" classname="fizz_buzz.FizzBuzzTest" time="0.001"/>
  <testcase name="whenGiven5FizzBuzzSaysBuzz()" classname="fizz_buzz.FizzBuzzTest" time="0.001"/>
  <testcase name="whenGiven15FizzBuzzSaysFizzBuzz()" classname="fizz_buzz.FizzBuzzTest" time="0.0"/>
  <testcase name="whenGiven3FizzBuzzSaysFizz()" classname="fizz_buzz.FizzBuzzTest" time="0.0"/>
  <testcase name="whenGiven4FizzBuzzSays4()" classname="fizz_buzz.FizzBuzzTest" time="0.0"/>
  <system-out><![CDATA[]]></system-out>
  <system-err><![CDATA[]]></system-err>
</testsuite>
